  CameraController.cpp
  GpuProfiler.cpp
  ProfilerBase.cpp
  Screenshot.cpp
  imgui.cpp
  imgui_demo.cpp
  imgui_draw.cpp
  imgui_widgets.cpp
  imgui_tables.cpp
  UI.cpp
  LuaManager.cpp
  LuaManagerImpl.cpp
  LuaSystem.cpp
  FontSystem.cpp
  stbtt.cpp
  CPUConfig.cpp
  WindowSystem.cpp
  WindowsInput.cpp
  WindowsBase.cpp
  WindowsFileSystem.cpp
  WindowsStackTraceDump.cpp
  WindowsWindow.cpp
  AnimatedObject.cpp
  Animation.cpp
  Clip.cpp
  ClipController.cpp
  ClipMask.cpp
  Rig.cpp
  SkeletonBatcher.cpp
  lapi.c
  lauxlib.c
  lbaselib.c
  lbitlib.c
  lcode.c
  lcorolib.c
  lctype.c
  ldblib.c
  ldebug.c
  ldo.c
  ldump.c
  lfunc.c
  lgc.c
  linit.c
  liolib.c
  llex.c
  lmathlib.c
  lmem.c
  loadlib.c
  lobject.c
  lopcodes.c
  loslib.c
  lparser.c
  lstate.c
  lstring.c
  lstrlib.c
  ltable.c
  ltablib.c
  ltm.c
  lundump.c
  lutf8lib.c
  lvm.c
  lzio.c
  impl_x86_windows.c
  hid.c
  FileSystem.c
  Log.c
  Algorithms.c
  StbDs.c
  MemoryTracking.c
  bstrlib.c
  lz4.c
  debug.c
  entropy_common.c
  error_private.c
  fse_decompress.c
  pool.c
  threading.c
  xxhash.c
  zstd_common.c
  huf_decompress.c
  zstd_ddict.c
  zstd_decompress.c
  zstd_decompress_block.c
  ThreadSystem.c
  Timer.c
  WindowsLog.c
  WindowsThread.c
  WindowsTime.c
  OS.vcxproj -> C:\gamedev\theforge\The-Forge - Copy\Examples_3\ModelViewerSol\PC Visual Studio 2019\x64\Debug\OS.lib
