c:\gamedev\theforge\the-forge - copy\examples_3\unit_tests\pc visual studio 2019\x64\release\intermediate\os\cameracontroller.obj
c:\gamedev\theforge\the-forge - copy\examples_3\unit_tests\pc visual studio 2019\x64\release\intermediate\os\fontsystem.obj
c:\gamedev\theforge\the-forge - copy\examples_3\unit_tests\pc visual studio 2019\x64\release\intermediate\os\imgui_demo.obj
c:\gamedev\theforge\the-forge - copy\examples_3\unit_tests\pc visual studio 2019\x64\release\intermediate\os\windowsystem.obj
c:\gamedev\theforge\the-forge - copy\examples_3\unit_tests\pc visual studio 2019\x64\release\intermediate\os\ui.obj
c:\gamedev\theforge\the-forge - copy\examples_3\unit_tests\pc visual studio 2019\x64\release\intermediate\os\clipcontroller.obj
c:\gamedev\theforge\the-forge - copy\examples_3\unit_tests\pc visual studio 2019\x64\release\intermediate\os\imgui_tables.obj
c:\gamedev\theforge\the-forge - copy\examples_3\unit_tests\pc visual studio 2019\x64\release\intermediate\os\cpuconfig.obj
c:\gamedev\theforge\the-forge - copy\examples_3\unit_tests\pc visual studio 2019\x64\release\intermediate\os\windowsinput.obj
c:\gamedev\theforge\the-forge - copy\examples_3\unit_tests\pc visual studio 2019\x64\release\intermediate\os\screenshot.obj
c:\gamedev\theforge\the-forge - copy\examples_3\unit_tests\pc visual studio 2019\x64\release\intermediate\os\windowswindow.obj
c:\gamedev\theforge\the-forge - copy\examples_3\unit_tests\pc visual studio 2019\x64\release\intermediate\os\gpuprofiler.obj
c:\gamedev\theforge\the-forge - copy\examples_3\unit_tests\pc visual studio 2019\x64\release\intermediate\os\windowsstacktracedump.obj
c:\gamedev\theforge\the-forge - copy\examples_3\unit_tests\pc visual studio 2019\x64\release\intermediate\os\clipmask.obj
c:\gamedev\theforge\the-forge - copy\examples_3\unit_tests\pc visual studio 2019\x64\release\intermediate\os\imgui.obj
c:\gamedev\theforge\the-forge - copy\examples_3\unit_tests\pc visual studio 2019\x64\release\intermediate\os\animatedobject.obj
c:\gamedev\theforge\the-forge - copy\examples_3\unit_tests\pc visual studio 2019\x64\release\intermediate\os\imgui_widgets.obj
c:\gamedev\theforge\the-forge - copy\examples_3\unit_tests\pc visual studio 2019\x64\release\intermediate\os\windowsfilesystem.obj
c:\gamedev\theforge\the-forge - copy\examples_3\unit_tests\pc visual studio 2019\x64\release\intermediate\os\skeletonbatcher.obj
c:\gamedev\theforge\the-forge - copy\examples_3\unit_tests\pc visual studio 2019\x64\release\intermediate\os\luamanager.obj
c:\gamedev\theforge\the-forge - copy\examples_3\unit_tests\pc visual studio 2019\x64\release\intermediate\os\luasystem.obj
c:\gamedev\theforge\the-forge - copy\examples_3\unit_tests\pc visual studio 2019\x64\release\intermediate\os\rig.obj
c:\gamedev\theforge\the-forge - copy\examples_3\unit_tests\pc visual studio 2019\x64\release\intermediate\os\profilerbase.obj
c:\gamedev\theforge\the-forge - copy\examples_3\unit_tests\pc visual studio 2019\x64\release\intermediate\os\animation.obj
c:\gamedev\theforge\the-forge - copy\examples_3\unit_tests\pc visual studio 2019\x64\release\intermediate\os\imgui_draw.obj
c:\gamedev\theforge\the-forge - copy\examples_3\unit_tests\pc visual studio 2019\x64\release\intermediate\os\windowsbase.obj
c:\gamedev\theforge\the-forge - copy\examples_3\unit_tests\pc visual studio 2019\x64\release\intermediate\os\luamanagerimpl.obj
c:\gamedev\theforge\the-forge - copy\examples_3\unit_tests\pc visual studio 2019\x64\release\intermediate\os\stbtt.obj
c:\gamedev\theforge\the-forge - copy\examples_3\unit_tests\pc visual studio 2019\x64\release\intermediate\os\clip.obj
c:\gamedev\theforge\the-forge - copy\examples_3\unit_tests\pc visual studio 2019\x64\release\intermediate\os\lgc.obj
c:\gamedev\theforge\the-forge - copy\examples_3\unit_tests\pc visual studio 2019\x64\release\intermediate\os\filesystem.obj
c:\gamedev\theforge\the-forge - copy\examples_3\unit_tests\pc visual studio 2019\x64\release\intermediate\os\threading.obj
c:\gamedev\theforge\the-forge - copy\examples_3\unit_tests\pc visual studio 2019\x64\release\intermediate\os\ldebug.obj
c:\gamedev\theforge\the-forge - copy\examples_3\unit_tests\pc visual studio 2019\x64\release\intermediate\os\ltable.obj
c:\gamedev\theforge\the-forge - copy\examples_3\unit_tests\pc visual studio 2019\x64\release\intermediate\os\log.obj
c:\gamedev\theforge\the-forge - copy\examples_3\unit_tests\pc visual studio 2019\x64\release\intermediate\os\xxhash.obj
c:\gamedev\theforge\the-forge - copy\examples_3\unit_tests\pc visual studio 2019\x64\release\intermediate\os\zstd_decompress_block.obj
c:\gamedev\theforge\the-forge - copy\examples_3\unit_tests\pc visual studio 2019\x64\release\intermediate\os\lauxlib.obj
c:\gamedev\theforge\the-forge - copy\examples_3\unit_tests\pc visual studio 2019\x64\release\intermediate\os\lfunc.obj
c:\gamedev\theforge\the-forge - copy\examples_3\unit_tests\pc visual studio 2019\x64\release\intermediate\os\lparser.obj
c:\gamedev\theforge\the-forge - copy\examples_3\unit_tests\pc visual studio 2019\x64\release\intermediate\os\hid.obj
c:\gamedev\theforge\the-forge - copy\examples_3\unit_tests\pc visual studio 2019\x64\release\intermediate\os\huf_decompress.obj
c:\gamedev\theforge\the-forge - copy\examples_3\unit_tests\pc visual studio 2019\x64\release\intermediate\os\liolib.obj
c:\gamedev\theforge\the-forge - copy\examples_3\unit_tests\pc visual studio 2019\x64\release\intermediate\os\lzio.obj
c:\gamedev\theforge\the-forge - copy\examples_3\unit_tests\pc visual studio 2019\x64\release\intermediate\os\lz4.obj
c:\gamedev\theforge\the-forge - copy\examples_3\unit_tests\pc visual studio 2019\x64\release\intermediate\os\pool.obj
c:\gamedev\theforge\the-forge - copy\examples_3\unit_tests\pc visual studio 2019\x64\release\intermediate\os\lbaselib.obj
c:\gamedev\theforge\the-forge - copy\examples_3\unit_tests\pc visual studio 2019\x64\release\intermediate\os\loadlib.obj
c:\gamedev\theforge\the-forge - copy\examples_3\unit_tests\pc visual studio 2019\x64\release\intermediate\os\error_private.obj
c:\gamedev\theforge\the-forge - copy\examples_3\unit_tests\pc visual studio 2019\x64\release\intermediate\os\windowstime.obj
c:\gamedev\theforge\the-forge - copy\examples_3\unit_tests\pc visual studio 2019\x64\release\intermediate\os\lbitlib.obj
c:\gamedev\theforge\the-forge - copy\examples_3\unit_tests\pc visual studio 2019\x64\release\intermediate\os\linit.obj
c:\gamedev\theforge\the-forge - copy\examples_3\unit_tests\pc visual studio 2019\x64\release\intermediate\os\lstate.obj
c:\gamedev\theforge\the-forge - copy\examples_3\unit_tests\pc visual studio 2019\x64\release\intermediate\os\impl_x86_windows.obj
c:\gamedev\theforge\the-forge - copy\examples_3\unit_tests\pc visual studio 2019\x64\release\intermediate\os\zstd_ddict.obj
c:\gamedev\theforge\the-forge - copy\examples_3\unit_tests\pc visual studio 2019\x64\release\intermediate\os\lcorolib.obj
c:\gamedev\theforge\the-forge - copy\examples_3\unit_tests\pc visual studio 2019\x64\release\intermediate\os\lopcodes.obj
c:\gamedev\theforge\the-forge - copy\examples_3\unit_tests\pc visual studio 2019\x64\release\intermediate\os\lstring.obj
c:\gamedev\theforge\the-forge - copy\examples_3\unit_tests\pc visual studio 2019\x64\release\intermediate\os\lutf8lib.obj
c:\gamedev\theforge\the-forge - copy\examples_3\unit_tests\pc visual studio 2019\x64\release\intermediate\os\debug.obj
c:\gamedev\theforge\the-forge - copy\examples_3\unit_tests\pc visual studio 2019\x64\release\intermediate\os\threadsystem.obj
c:\gamedev\theforge\the-forge - copy\examples_3\unit_tests\pc visual studio 2019\x64\release\intermediate\os\lctype.obj
c:\gamedev\theforge\the-forge - copy\examples_3\unit_tests\pc visual studio 2019\x64\release\intermediate\os\ldump.obj
c:\gamedev\theforge\the-forge - copy\examples_3\unit_tests\pc visual studio 2019\x64\release\intermediate\os\loslib.obj
c:\gamedev\theforge\the-forge - copy\examples_3\unit_tests\pc visual studio 2019\x64\release\intermediate\os\ltm.obj
c:\gamedev\theforge\the-forge - copy\examples_3\unit_tests\pc visual studio 2019\x64\release\intermediate\os\algorithms.obj
c:\gamedev\theforge\the-forge - copy\examples_3\unit_tests\pc visual studio 2019\x64\release\intermediate\os\zstd_common.obj
c:\gamedev\theforge\the-forge - copy\examples_3\unit_tests\pc visual studio 2019\x64\release\intermediate\os\ldblib.obj
c:\gamedev\theforge\the-forge - copy\examples_3\unit_tests\pc visual studio 2019\x64\release\intermediate\os\lmathlib.obj
c:\gamedev\theforge\the-forge - copy\examples_3\unit_tests\pc visual studio 2019\x64\release\intermediate\os\lundump.obj
c:\gamedev\theforge\the-forge - copy\examples_3\unit_tests\pc visual studio 2019\x64\release\intermediate\os\stbds.obj
c:\gamedev\theforge\the-forge - copy\examples_3\unit_tests\pc visual studio 2019\x64\release\intermediate\os\timer.obj
c:\gamedev\theforge\the-forge - copy\examples_3\unit_tests\pc visual studio 2019\x64\release\intermediate\os\windowslog.obj
c:\gamedev\theforge\the-forge - copy\examples_3\unit_tests\pc visual studio 2019\x64\release\intermediate\os\lcode.obj
c:\gamedev\theforge\the-forge - copy\examples_3\unit_tests\pc visual studio 2019\x64\release\intermediate\os\lobject.obj
c:\gamedev\theforge\the-forge - copy\examples_3\unit_tests\pc visual studio 2019\x64\release\intermediate\os\ltablib.obj
c:\gamedev\theforge\the-forge - copy\examples_3\unit_tests\pc visual studio 2019\x64\release\intermediate\os\memorytracking.obj
c:\gamedev\theforge\the-forge - copy\examples_3\unit_tests\pc visual studio 2019\x64\release\intermediate\os\fse_decompress.obj
c:\gamedev\theforge\the-forge - copy\examples_3\unit_tests\pc visual studio 2019\x64\release\intermediate\os\lapi.obj
c:\gamedev\theforge\the-forge - copy\examples_3\unit_tests\pc visual studio 2019\x64\release\intermediate\os\ldo.obj
c:\gamedev\theforge\the-forge - copy\examples_3\unit_tests\pc visual studio 2019\x64\release\intermediate\os\lmem.obj
c:\gamedev\theforge\the-forge - copy\examples_3\unit_tests\pc visual studio 2019\x64\release\intermediate\os\lstrlib.obj
c:\gamedev\theforge\the-forge - copy\examples_3\unit_tests\pc visual studio 2019\x64\release\intermediate\os\bstrlib.obj
c:\gamedev\theforge\the-forge - copy\examples_3\unit_tests\pc visual studio 2019\x64\release\intermediate\os\zstd_decompress.obj
c:\gamedev\theforge\the-forge - copy\examples_3\unit_tests\pc visual studio 2019\x64\release\intermediate\os\llex.obj
c:\gamedev\theforge\the-forge - copy\examples_3\unit_tests\pc visual studio 2019\x64\release\intermediate\os\lvm.obj
c:\gamedev\theforge\the-forge - copy\examples_3\unit_tests\pc visual studio 2019\x64\release\intermediate\os\entropy_common.obj
c:\gamedev\theforge\the-forge - copy\examples_3\unit_tests\pc visual studio 2019\x64\release\intermediate\os\windowsthread.obj
c:\gamedev\theforge\the-forge - copy\examples_3\unit_tests\pc visual studio 2019\x64\release\os.lib
c:\gamedev\theforge\the-forge - copy\examples_3\unit_tests\pc visual studio 2019\x64\release\intermediate\os\os.tlog\cl.12460.write.1.tlog
c:\gamedev\theforge\the-forge - copy\examples_3\unit_tests\pc visual studio 2019\x64\release\intermediate\os\os.tlog\cl.command.1.tlog
c:\gamedev\theforge\the-forge - copy\examples_3\unit_tests\pc visual studio 2019\x64\release\intermediate\os\os.tlog\cl.read.1.tlog
c:\gamedev\theforge\the-forge - copy\examples_3\unit_tests\pc visual studio 2019\x64\release\intermediate\os\os.tlog\lib-link.read.1.tlog
c:\gamedev\theforge\the-forge - copy\examples_3\unit_tests\pc visual studio 2019\x64\release\intermediate\os\os.tlog\lib-link.write.1.tlog
c:\gamedev\theforge\the-forge - copy\examples_3\unit_tests\pc visual studio 2019\x64\release\intermediate\os\os.tlog\lib.command.1.tlog
