  ModelViewerMain.cpp
  0 File(s) copied
  0 File(s) copied
     Creating library C:\gamedev\theforge\The-Forge - Copy\Examples_3\ModelViewerSol\PC Visual Studio 2019\x64\Release\ModelViewer\ModelViewer.lib and object C:\gamedev\theforge\The-Forge - Copy\Examples_3\ModelViewerSol\PC Visual Studio 2019\x64\Release\ModelViewer\ModelViewer.exp
  Generating code
  37 of 6380 functions ( 0.6%) were compiled, the rest were copied from previous compilation.
    0 functions were new in current compilation
    138 functions had inline decision re-evaluated but remain unchanged
  Finished generating code
  ModelViewer.vcxproj -> C:\gamedev\theforge\The-Forge - Copy\Examples_3\ModelViewerSol\PC Visual Studio 2019\x64\Release\ModelViewer\ModelViewer.exe
  0 File(s) copied
  0 File(s) copied
  0 File(s) copied
  0 File(s) copied
  0 File(s) copied
  0 File(s) copied
  0 File(s) copied
  File not found - gpu.cfg
  0 File(s) copied
  A subdirectory or file C:\gamedev\theforge\The-Forge - Copy\Examples_3\ModelViewerSol\PC Visual Studio 2019\x64\Release\ModelViewer\PipelineCaches\ already exists.
  A subdirectory or file C:\gamedev\theforge\The-Forge - Copy\Examples_3\ModelViewerSol\PC Visual Studio 2019\x64\Release\ModelViewer\Screenshots\ already exists.
  A subdirectory or file C:\gamedev\theforge\The-Forge - Copy\Examples_3\ModelViewerSol\PC Visual Studio 2019\x64\Release\ModelViewer\Debug\ already exists.
  0 File(s) copied
